Sun, 21 Jul 2019 00:23:25 __main__ INFO     watching folder /home/christianboin/Programming/Python/WebTools/JukeBox/dump
Sun, 21 Jul 2019 00:24:31 __main__ INFO     Removed: ['Rolling Stones - Angie (HQ).mp3', 'Dolly Parton - Jolene (Audio).mp3', 'The Glorious Sons - Sawed Off Shotgun (Official Audio).mp3', 'The Tragically Hip - Bobcaygeon (Official Video).mp3', 'Ring Of Fire Johnny Cash lyrics.mp3', 'The Doors - Riders On The Storm.mp3']
2019-07-21 - 00:29:23 watch.py  INFO     watching folder /home/christianboin/Programming/Python/WebTools/JukeBox/dump
2019-07-21 - 00:31:14 watch.py  INFO     Added: ['Queen - Fat Bottomed Girls (Official Lyric Video).mp3']
2019-07-21 - 00:31:14 watch.py  INFO     Size of file is: 
2019-07-21 - 00:31:16 watch.py  INFO     5246976 Bytes
2019-07-21 - 00:31:18 watch.py  INFO     5394318 Bytes
2019-07-21 - 00:31:20 watch.py  INFO     File download is complete at /home/christianboin/Programming/Python/WebTools/JukeBox/dump/Queen - Fat Bottomed Girls (Official Lyric Video).mp3
2019-07-21 - 00:31:27 fileUpload  DEBUG    File creation successful -- ID: 14eqPzb2ok8UYOlwuw-FEN44hxFOYGt_Q
2019-07-21 - 01:33:25 watch.py  INFO     watching folder /home/christianboin/Programming/Python/WebTools/JukeBox/dump
2019-07-21 - 01:34:07 watch.py  INFO     Removed: ['Queen - Fat Bottomed Girls (Official Lyric Video).mp3', 'Johnny Cash - Hurt (Official Video) HD_complt.mp3']
2019-07-21 - 01:35:10 watch.py  INFO     Added: ['The Doors - Riders On The Storm.mp3']
2019-07-21 - 01:35:10 watch.py  INFO     File was never marked _complt.  Check ytdl to see why.
2019-07-21 - 01:36:07 watch.py  INFO     Added: ['The Doors - Riders On The Storm_complt.mp3']
2019-07-21 - 01:36:07 watch.py  INFO     Removed: ['The Doors - Riders On The Storm.mp3']
2019-07-21 - 01:36:07 watch.py  INFO     Size of file is: 
2019-07-21 - 01:36:09 watch.py  INFO     File download is complete at /home/christianboin/Programming/Python/WebTools/JukeBox/dump/The Doors - Riders On The Storm_complt.mp3
2019-07-21 - 01:36:20 fileUpload  DEBUG    File creation successful -- ID: 1MjG7lLEcdU0GJDlshP8U5_rxl6HuvLZ1
2019-07-21 - 01:36:23 watch.py  INFO     Removed: ['The Doors - Riders On The Storm_complt.mp3']
2019-07-21 - 01:46:54 watch.py  INFO     Added: ['Queen - Fat Bottomed Girls (Official Lyric Video).mp3']
2019-07-21 - 01:46:54 watch.py  INFO     File was never marked _complt.  Check ytdl to see why.
2019-07-21 - 01:47:15 watch.py  INFO     Added: ['Queen - Fat Bottomed Girls (Official Lyric Video)_complt.mp3']
2019-07-21 - 01:47:15 watch.py  INFO     Removed: ['Queen - Fat Bottomed Girls (Official Lyric Video).mp3']
2019-07-21 - 01:47:15 watch.py  INFO     Size of file is: 
2019-07-21 - 01:47:17 watch.py  INFO     File download is complete at /home/christianboin/Programming/Python/WebTools/JukeBox/dump/Queen - Fat Bottomed Girls (Official Lyric Video)_complt.mp3
2019-07-21 - 01:47:23 fileUpload  DEBUG    File creation successful -- ID: 1zDLIAfQRbg4ZxQrZkgYFa2TDa2HJ2mAk
2019-07-21 - 01:47:27 watch.py  INFO     Removed: ['Queen - Fat Bottomed Girls (Official Lyric Video)_complt.mp3']
